<?xml version="1.0" encoding="UTF-8"?>
<testsuite xmlns:xsi="http://www.w3.org/2001/XMLSchema-instance" xsi:noNamespaceSchemaLocation="https://maven.apache.org/surefire/maven-surefire-plugin/xsd/surefire-test-report-3.0.xsd" version="3.0" name="PieceTests.PieceLogicTests" time="0.002" tests="1" errors="0" skipped="0" failures="0">
  <properties>
    <property name="sun.desktop" value="windows"/>
    <property name="awt.toolkit" value="sun.awt.windows.WToolkit"/>
    <property name="java.specification.version" value="11"/>
    <property name="sun.cpu.isalist" value="amd64"/>
    <property name="sun.jnu.encoding" value="Cp1252"/>
    <property name="java.class.path" value="C:\Users\jesse\IdeaProjects\ChessOn\ChessOnServer\target\test-classes;C:\Users\jesse\IdeaProjects\ChessOn\ChessOnServer\target\classes;C:\Users\jesse\.m2\repository\org\springframework\boot\spring-boot-starter-websocket\2.4.0\spring-boot-starter-websocket-2.4.0.jar;C:\Users\jesse\.m2\repository\org\springframework\boot\spring-boot-starter-web\2.4.0\spring-boot-starter-web-2.4.0.jar;C:\Users\jesse\.m2\repository\org\springframework\boot\spring-boot-starter-json\2.4.0\spring-boot-starter-json-2.4.0.jar;C:\Users\jesse\.m2\repository\com\fasterxml\jackson\core\jackson-databind\2.11.3\jackson-databind-2.11.3.jar;C:\Users\jesse\.m2\repository\com\fasterxml\jackson\core\jackson-annotations\2.11.3\jackson-annotations-2.11.3.jar;C:\Users\jesse\.m2\repository\com\fasterxml\jackson\core\jackson-core\2.11.3\jackson-core-2.11.3.jar;C:\Users\jesse\.m2\repository\com\fasterxml\jackson\datatype\jackson-datatype-jdk8\2.11.3\jackson-datatype-jdk8-2.11.3.jar;C:\Users\jesse\.m2\repository\com\fasterxml\jackson\datatype\jackson-datatype-jsr310\2.11.3\jackson-datatype-jsr310-2.11.3.jar;C:\Users\jesse\.m2\repository\com\fasterxml\jackson\module\jackson-module-parameter-names\2.11.3\jackson-module-parameter-names-2.11.3.jar;C:\Users\jesse\.m2\repository\org\springframework\boot\spring-boot-starter-tomcat\2.4.0\spring-boot-starter-tomcat-2.4.0.jar;C:\Users\jesse\.m2\repository\org\apache\tomcat\embed\tomcat-embed-core\9.0.39\tomcat-embed-core-9.0.39.jar;C:\Users\jesse\.m2\repository\org\glassfish\jakarta.el\3.0.3\jakarta.el-3.0.3.jar;C:\Users\jesse\.m2\repository\org\apache\tomcat\embed\tomcat-embed-websocket\9.0.39\tomcat-embed-websocket-9.0.39.jar;C:\Users\jesse\.m2\repository\org\springframework\spring-web\5.3.1\spring-web-5.3.1.jar;C:\Users\jesse\.m2\repository\org\springframework\spring-webmvc\5.3.1\spring-webmvc-5.3.1.jar;C:\Users\jesse\.m2\repository\org\springframework\spring-aop\5.3.1\spring-aop-5.3.1.jar;C:\Users\jesse\.m2\repository\org\springframework\spring-expression\5.3.1\spring-expression-5.3.1.jar;C:\Users\jesse\.m2\repository\org\springframework\spring-messaging\5.3.1\spring-messaging-5.3.1.jar;C:\Users\jesse\.m2\repository\org\springframework\spring-beans\5.3.1\spring-beans-5.3.1.jar;C:\Users\jesse\.m2\repository\org\springframework\spring-websocket\5.3.1\spring-websocket-5.3.1.jar;C:\Users\jesse\.m2\repository\org\springframework\spring-context\5.3.1\spring-context-5.3.1.jar;C:\Users\jesse\.m2\repository\org\projectlombok\lombok\1.18.16\lombok-1.18.16.jar;C:\Users\jesse\.m2\repository\org\springframework\boot\spring-boot-starter-test\2.4.0\spring-boot-starter-test-2.4.0.jar;C:\Users\jesse\.m2\repository\org\springframework\boot\spring-boot-starter\2.4.0\spring-boot-starter-2.4.0.jar;C:\Users\jesse\.m2\repository\org\springframework\boot\spring-boot-starter-logging\2.4.0\spring-boot-starter-logging-2.4.0.jar;C:\Users\jesse\.m2\repository\ch\qos\logback\logback-classic\1.2.3\logback-classic-1.2.3.jar;C:\Users\jesse\.m2\repository\ch\qos\logback\logback-core\1.2.3\logback-core-1.2.3.jar;C:\Users\jesse\.m2\repository\org\apache\logging\log4j\log4j-to-slf4j\2.13.3\log4j-to-slf4j-2.13.3.jar;C:\Users\jesse\.m2\repository\org\apache\logging\log4j\log4j-api\2.13.3\log4j-api-2.13.3.jar;C:\Users\jesse\.m2\repository\org\slf4j\jul-to-slf4j\1.7.30\jul-to-slf4j-1.7.30.jar;C:\Users\jesse\.m2\repository\jakarta\annotation\jakarta.annotation-api\1.3.5\jakarta.annotation-api-1.3.5.jar;C:\Users\jesse\.m2\repository\org\yaml\snakeyaml\1.27\snakeyaml-1.27.jar;C:\Users\jesse\.m2\repository\org\springframework\boot\spring-boot-test\2.4.0\spring-boot-test-2.4.0.jar;C:\Users\jesse\.m2\repository\org\springframework\boot\spring-boot-test-autoconfigure\2.4.0\spring-boot-test-autoconfigure-2.4.0.jar;C:\Users\jesse\.m2\repository\com\jayway\jsonpath\json-path\2.4.0\json-path-2.4.0.jar;C:\Users\jesse\.m2\repository\net\minidev\json-smart\2.3\json-smart-2.3.jar;C:\Users\jesse\.m2\repository\net\minidev\accessors-smart\1.2\accessors-smart-1.2.jar;C:\Users\jesse\.m2\repository\org\slf4j\slf4j-api\1.7.25\slf4j-api-1.7.25.jar;C:\Users\jesse\.m2\repository\jakarta\xml\bind\jakarta.xml.bind-api\2.3.3\jakarta.xml.bind-api-2.3.3.jar;C:\Users\jesse\.m2\repository\jakarta\activation\jakarta.activation-api\1.2.2\jakarta.activation-api-1.2.2.jar;C:\Users\jesse\.m2\repository\org\assertj\assertj-core\3.18.1\assertj-core-3.18.1.jar;C:\Users\jesse\.m2\repository\org\hamcrest\hamcrest\2.2\hamcrest-2.2.jar;C:\Users\jesse\.m2\repository\org\junit\jupiter\junit-jupiter\5.7.0\junit-jupiter-5.7.0.jar;C:\Users\jesse\.m2\repository\org\junit\jupiter\junit-jupiter-api\5.7.0\junit-jupiter-api-5.7.0.jar;C:\Users\jesse\.m2\repository\org\apiguardian\apiguardian-api\1.1.0\apiguardian-api-1.1.0.jar;C:\Users\jesse\.m2\repository\org\opentest4j\opentest4j\1.2.0\opentest4j-1.2.0.jar;C:\Users\jesse\.m2\repository\org\junit\platform\junit-platform-commons\1.7.0\junit-platform-commons-1.7.0.jar;C:\Users\jesse\.m2\repository\org\junit\jupiter\junit-jupiter-params\5.7.0\junit-jupiter-params-5.7.0.jar;C:\Users\jesse\.m2\repository\org\junit\jupiter\junit-jupiter-engine\5.7.0\junit-jupiter-engine-5.7.0.jar;C:\Users\jesse\.m2\repository\org\junit\platform\junit-platform-engine\1.7.0\junit-platform-engine-1.7.0.jar;C:\Users\jesse\.m2\repository\org\mockito\mockito-core\3.6.0\mockito-core-3.6.0.jar;C:\Users\jesse\.m2\repository\net\bytebuddy\byte-buddy\1.10.15\byte-buddy-1.10.15.jar;C:\Users\jesse\.m2\repository\net\bytebuddy\byte-buddy-agent\1.10.15\byte-buddy-agent-1.10.15.jar;C:\Users\jesse\.m2\repository\org\objenesis\objenesis\3.1\objenesis-3.1.jar;C:\Users\jesse\.m2\repository\org\mockito\mockito-junit-jupiter\3.6.0\mockito-junit-jupiter-3.6.0.jar;C:\Users\jesse\.m2\repository\org\skyscreamer\jsonassert\1.5.0\jsonassert-1.5.0.jar;C:\Users\jesse\.m2\repository\com\vaadin\external\google\android-json\0.0.20131108.vaadin1\android-json-0.0.20131108.vaadin1.jar;C:\Users\jesse\.m2\repository\org\springframework\spring-core\5.3.1\spring-core-5.3.1.jar;C:\Users\jesse\.m2\repository\org\springframework\spring-jcl\5.3.1\spring-jcl-5.3.1.jar;C:\Users\jesse\.m2\repository\org\springframework\spring-test\5.3.1\spring-test-5.3.1.jar;C:\Users\jesse\.m2\repository\org\xmlunit\xmlunit-core\2.7.0\xmlunit-core-2.7.0.jar;C:\Users\jesse\.m2\repository\com\google\code\gson\gson\2.8.5\gson-2.8.5.jar;C:\Users\jesse\.m2\repository\org\apache\httpcomponents\httpclient\4.5.7\httpclient-4.5.7.jar;C:\Users\jesse\.m2\repository\org\apache\httpcomponents\httpcore\4.4.11\httpcore-4.4.11.jar;C:\Users\jesse\.m2\repository\commons-logging\commons-logging\1.2\commons-logging-1.2.jar;C:\Users\jesse\.m2\repository\commons-codec\commons-codec\1.11\commons-codec-1.11.jar;C:\Users\jesse\.m2\repository\org\eclipse\jetty\jetty-server\9.2.28.v20190418\jetty-server-9.2.28.v20190418.jar;C:\Users\jesse\.m2\repository\javax\servlet\javax.servlet-api\3.1.0\javax.servlet-api-3.1.0.jar;C:\Users\jesse\.m2\repository\org\eclipse\jetty\jetty-http\9.2.28.v20190418\jetty-http-9.2.28.v20190418.jar;C:\Users\jesse\.m2\repository\org\eclipse\jetty\jetty-util\9.2.28.v20190418\jetty-util-9.2.28.v20190418.jar;C:\Users\jesse\.m2\repository\org\eclipse\jetty\jetty-io\9.2.28.v20190418\jetty-io-9.2.28.v20190418.jar;C:\Users\jesse\.m2\repository\org\eclipse\jetty\jetty-servlet\9.2.28.v20190418\jetty-servlet-9.2.28.v20190418.jar;C:\Users\jesse\.m2\repository\org\eclipse\jetty\jetty-security\9.2.28.v20190418\jetty-security-9.2.28.v20190418.jar;C:\Users\jesse\.m2\repository\org\eclipse\jetty\websocket\javax-websocket-server-impl\9.4.15.v20190215\javax-websocket-server-impl-9.4.15.v20190215.jar;C:\Users\jesse\.m2\repository\org\eclipse\jetty\jetty-annotations\9.4.15.v20190215\jetty-annotations-9.4.15.v20190215.jar;C:\Users\jesse\.m2\repository\org\eclipse\jetty\jetty-plus\9.4.15.v20190215\jetty-plus-9.4.15.v20190215.jar;C:\Users\jesse\.m2\repository\org\eclipse\jetty\jetty-jndi\9.4.15.v20190215\jetty-jndi-9.4.15.v20190215.jar;C:\Users\jesse\.m2\repository\org\eclipse\jetty\jetty-webapp\9.4.15.v20190215\jetty-webapp-9.4.15.v20190215.jar;C:\Users\jesse\.m2\repository\org\eclipse\jetty\jetty-xml\9.4.15.v20190215\jetty-xml-9.4.15.v20190215.jar;C:\Users\jesse\.m2\repository\javax\annotation\javax.annotation-api\1.3\javax.annotation-api-1.3.jar;C:\Users\jesse\.m2\repository\org\ow2\asm\asm\7.0\asm-7.0.jar;C:\Users\jesse\.m2\repository\org\ow2\asm\asm-commons\7.0\asm-commons-7.0.jar;C:\Users\jesse\.m2\repository\org\ow2\asm\asm-tree\7.0\asm-tree-7.0.jar;C:\Users\jesse\.m2\repository\org\ow2\asm\asm-analysis\7.0\asm-analysis-7.0.jar;C:\Users\jesse\.m2\repository\org\eclipse\jetty\websocket\javax-websocket-client-impl\9.4.15.v20190215\javax-websocket-client-impl-9.4.15.v20190215.jar;C:\Users\jesse\.m2\repository\org\eclipse\jetty\websocket\websocket-client\9.4.15.v20190215\websocket-client-9.4.15.v20190215.jar;C:\Users\jesse\.m2\repository\org\eclipse\jetty\jetty-client\9.4.15.v20190215\jetty-client-9.4.15.v20190215.jar;C:\Users\jesse\.m2\repository\javax\websocket\javax.websocket-client-api\1.0\javax.websocket-client-api-1.0.jar;C:\Users\jesse\.m2\repository\org\eclipse\jetty\websocket\websocket-server\9.4.15.v20190215\websocket-server-9.4.15.v20190215.jar;C:\Users\jesse\.m2\repository\org\eclipse\jetty\websocket\websocket-common\9.4.15.v20190215\websocket-common-9.4.15.v20190215.jar;C:\Users\jesse\.m2\repository\org\eclipse\jetty\websocket\websocket-api\9.4.15.v20190215\websocket-api-9.4.15.v20190215.jar;C:\Users\jesse\.m2\repository\org\eclipse\jetty\websocket\websocket-servlet\9.4.15.v20190215\websocket-servlet-9.4.15.v20190215.jar;C:\Users\jesse\.m2\repository\javax\websocket\javax.websocket-api\1.0\javax.websocket-api-1.0.jar;C:\Users\jesse\.m2\repository\junit\junit\4.13.1\junit-4.13.1.jar;C:\Users\jesse\.m2\repository\org\hamcrest\hamcrest-core\1.3\hamcrest-core-1.3.jar;C:\Users\jesse\.m2\repository\org\springframework\boot\spring-boot-autoconfigure\2.2.4.RELEASE\spring-boot-autoconfigure-2.2.4.RELEASE.jar;C:\Users\jesse\.m2\repository\org\springframework\boot\spring-boot\2.2.4.RELEASE\spring-boot-2.2.4.RELEASE.jar;"/>
    <property name="java.vm.vendor" value="JetBrains s.r.o."/>
    <property name="sun.arch.data.model" value="64"/>
    <property name="user.variant" value=""/>
    <property name="java.vendor.url" value="https://openjdk.java.net/"/>
    <property name="user.timezone" value="Europe/Berlin"/>
    <property name="user.country.format" value="NL"/>
    <property name="java.vm.specification.version" value="11"/>
    <property name="os.name" value="Windows 10"/>
    <property name="sun.java.launcher" value="SUN_STANDARD"/>
    <property name="user.country" value="GB"/>
    <property name="sun.boot.library.path" value="C:\Program Files\JetBrains\IntelliJ IDEA 2019.3.2\jbr\bin"/>
    <property name="sun.java.command" value="C:\Users\jesse\AppData\Local\Temp\surefire1677471092676003890\surefirebooter17643133996119164466.jar C:\Users\jesse\AppData\Local\Temp\surefire1677471092676003890 2021-01-10T14-59-08_986-jvmRun1 surefire14896126957921283541tmp surefire_04773798786809932681tmp"/>
    <property name="jdk.debug" value="release"/>
    <property name="surefire.test.class.path" value="C:\Users\jesse\IdeaProjects\ChessOn\ChessOnServer\target\test-classes;C:\Users\jesse\IdeaProjects\ChessOn\ChessOnServer\target\classes;C:\Users\jesse\.m2\repository\org\springframework\boot\spring-boot-starter-websocket\2.4.0\spring-boot-starter-websocket-2.4.0.jar;C:\Users\jesse\.m2\repository\org\springframework\boot\spring-boot-starter-web\2.4.0\spring-boot-starter-web-2.4.0.jar;C:\Users\jesse\.m2\repository\org\springframework\boot\spring-boot-starter-json\2.4.0\spring-boot-starter-json-2.4.0.jar;C:\Users\jesse\.m2\repository\com\fasterxml\jackson\core\jackson-databind\2.11.3\jackson-databind-2.11.3.jar;C:\Users\jesse\.m2\repository\com\fasterxml\jackson\core\jackson-annotations\2.11.3\jackson-annotations-2.11.3.jar;C:\Users\jesse\.m2\repository\com\fasterxml\jackson\core\jackson-core\2.11.3\jackson-core-2.11.3.jar;C:\Users\jesse\.m2\repository\com\fasterxml\jackson\datatype\jackson-datatype-jdk8\2.11.3\jackson-datatype-jdk8-2.11.3.jar;C:\Users\jesse\.m2\repository\com\fasterxml\jackson\datatype\jackson-datatype-jsr310\2.11.3\jackson-datatype-jsr310-2.11.3.jar;C:\Users\jesse\.m2\repository\com\fasterxml\jackson\module\jackson-module-parameter-names\2.11.3\jackson-module-parameter-names-2.11.3.jar;C:\Users\jesse\.m2\repository\org\springframework\boot\spring-boot-starter-tomcat\2.4.0\spring-boot-starter-tomcat-2.4.0.jar;C:\Users\jesse\.m2\repository\org\apache\tomcat\embed\tomcat-embed-core\9.0.39\tomcat-embed-core-9.0.39.jar;C:\Users\jesse\.m2\repository\org\glassfish\jakarta.el\3.0.3\jakarta.el-3.0.3.jar;C:\Users\jesse\.m2\repository\org\apache\tomcat\embed\tomcat-embed-websocket\9.0.39\tomcat-embed-websocket-9.0.39.jar;C:\Users\jesse\.m2\repository\org\springframework\spring-web\5.3.1\spring-web-5.3.1.jar;C:\Users\jesse\.m2\repository\org\springframework\spring-webmvc\5.3.1\spring-webmvc-5.3.1.jar;C:\Users\jesse\.m2\repository\org\springframework\spring-aop\5.3.1\spring-aop-5.3.1.jar;C:\Users\jesse\.m2\repository\org\springframework\spring-expression\5.3.1\spring-expression-5.3.1.jar;C:\Users\jesse\.m2\repository\org\springframework\spring-messaging\5.3.1\spring-messaging-5.3.1.jar;C:\Users\jesse\.m2\repository\org\springframework\spring-beans\5.3.1\spring-beans-5.3.1.jar;C:\Users\jesse\.m2\repository\org\springframework\spring-websocket\5.3.1\spring-websocket-5.3.1.jar;C:\Users\jesse\.m2\repository\org\springframework\spring-context\5.3.1\spring-context-5.3.1.jar;C:\Users\jesse\.m2\repository\org\projectlombok\lombok\1.18.16\lombok-1.18.16.jar;C:\Users\jesse\.m2\repository\org\springframework\boot\spring-boot-starter-test\2.4.0\spring-boot-starter-test-2.4.0.jar;C:\Users\jesse\.m2\repository\org\springframework\boot\spring-boot-starter\2.4.0\spring-boot-starter-2.4.0.jar;C:\Users\jesse\.m2\repository\org\springframework\boot\spring-boot-starter-logging\2.4.0\spring-boot-starter-logging-2.4.0.jar;C:\Users\jesse\.m2\repository\ch\qos\logback\logback-classic\1.2.3\logback-classic-1.2.3.jar;C:\Users\jesse\.m2\repository\ch\qos\logback\logback-core\1.2.3\logback-core-1.2.3.jar;C:\Users\jesse\.m2\repository\org\apache\logging\log4j\log4j-to-slf4j\2.13.3\log4j-to-slf4j-2.13.3.jar;C:\Users\jesse\.m2\repository\org\apache\logging\log4j\log4j-api\2.13.3\log4j-api-2.13.3.jar;C:\Users\jesse\.m2\repository\org\slf4j\jul-to-slf4j\1.7.30\jul-to-slf4j-1.7.30.jar;C:\Users\jesse\.m2\repository\jakarta\annotation\jakarta.annotation-api\1.3.5\jakarta.annotation-api-1.3.5.jar;C:\Users\jesse\.m2\repository\org\yaml\snakeyaml\1.27\snakeyaml-1.27.jar;C:\Users\jesse\.m2\repository\org\springframework\boot\spring-boot-test\2.4.0\spring-boot-test-2.4.0.jar;C:\Users\jesse\.m2\repository\org\springframework\boot\spring-boot-test-autoconfigure\2.4.0\spring-boot-test-autoconfigure-2.4.0.jar;C:\Users\jesse\.m2\repository\com\jayway\jsonpath\json-path\2.4.0\json-path-2.4.0.jar;C:\Users\jesse\.m2\repository\net\minidev\json-smart\2.3\json-smart-2.3.jar;C:\Users\jesse\.m2\repository\net\minidev\accessors-smart\1.2\accessors-smart-1.2.jar;C:\Users\jesse\.m2\repository\org\slf4j\slf4j-api\1.7.25\slf4j-api-1.7.25.jar;C:\Users\jesse\.m2\repository\jakarta\xml\bind\jakarta.xml.bind-api\2.3.3\jakarta.xml.bind-api-2.3.3.jar;C:\Users\jesse\.m2\repository\jakarta\activation\jakarta.activation-api\1.2.2\jakarta.activation-api-1.2.2.jar;C:\Users\jesse\.m2\repository\org\assertj\assertj-core\3.18.1\assertj-core-3.18.1.jar;C:\Users\jesse\.m2\repository\org\hamcrest\hamcrest\2.2\hamcrest-2.2.jar;C:\Users\jesse\.m2\repository\org\junit\jupiter\junit-jupiter\5.7.0\junit-jupiter-5.7.0.jar;C:\Users\jesse\.m2\repository\org\junit\jupiter\junit-jupiter-api\5.7.0\junit-jupiter-api-5.7.0.jar;C:\Users\jesse\.m2\repository\org\apiguardian\apiguardian-api\1.1.0\apiguardian-api-1.1.0.jar;C:\Users\jesse\.m2\repository\org\opentest4j\opentest4j\1.2.0\opentest4j-1.2.0.jar;C:\Users\jesse\.m2\repository\org\junit\platform\junit-platform-commons\1.7.0\junit-platform-commons-1.7.0.jar;C:\Users\jesse\.m2\repository\org\junit\jupiter\junit-jupiter-params\5.7.0\junit-jupiter-params-5.7.0.jar;C:\Users\jesse\.m2\repository\org\junit\jupiter\junit-jupiter-engine\5.7.0\junit-jupiter-engine-5.7.0.jar;C:\Users\jesse\.m2\repository\org\junit\platform\junit-platform-engine\1.7.0\junit-platform-engine-1.7.0.jar;C:\Users\jesse\.m2\repository\org\mockito\mockito-core\3.6.0\mockito-core-3.6.0.jar;C:\Users\jesse\.m2\repository\net\bytebuddy\byte-buddy\1.10.15\byte-buddy-1.10.15.jar;C:\Users\jesse\.m2\repository\net\bytebuddy\byte-buddy-agent\1.10.15\byte-buddy-agent-1.10.15.jar;C:\Users\jesse\.m2\repository\org\objenesis\objenesis\3.1\objenesis-3.1.jar;C:\Users\jesse\.m2\repository\org\mockito\mockito-junit-jupiter\3.6.0\mockito-junit-jupiter-3.6.0.jar;C:\Users\jesse\.m2\repository\org\skyscreamer\jsonassert\1.5.0\jsonassert-1.5.0.jar;C:\Users\jesse\.m2\repository\com\vaadin\external\google\android-json\0.0.20131108.vaadin1\android-json-0.0.20131108.vaadin1.jar;C:\Users\jesse\.m2\repository\org\springframework\spring-core\5.3.1\spring-core-5.3.1.jar;C:\Users\jesse\.m2\repository\org\springframework\spring-jcl\5.3.1\spring-jcl-5.3.1.jar;C:\Users\jesse\.m2\repository\org\springframework\spring-test\5.3.1\spring-test-5.3.1.jar;C:\Users\jesse\.m2\repository\org\xmlunit\xmlunit-core\2.7.0\xmlunit-core-2.7.0.jar;C:\Users\jesse\.m2\repository\com\google\code\gson\gson\2.8.5\gson-2.8.5.jar;C:\Users\jesse\.m2\repository\org\apache\httpcomponents\httpclient\4.5.7\httpclient-4.5.7.jar;C:\Users\jesse\.m2\repository\org\apache\httpcomponents\httpcore\4.4.11\httpcore-4.4.11.jar;C:\Users\jesse\.m2\repository\commons-logging\commons-logging\1.2\commons-logging-1.2.jar;C:\Users\jesse\.m2\repository\commons-codec\commons-codec\1.11\commons-codec-1.11.jar;C:\Users\jesse\.m2\repository\org\eclipse\jetty\jetty-server\9.2.28.v20190418\jetty-server-9.2.28.v20190418.jar;C:\Users\jesse\.m2\repository\javax\servlet\javax.servlet-api\3.1.0\javax.servlet-api-3.1.0.jar;C:\Users\jesse\.m2\repository\org\eclipse\jetty\jetty-http\9.2.28.v20190418\jetty-http-9.2.28.v20190418.jar;C:\Users\jesse\.m2\repository\org\eclipse\jetty\jetty-util\9.2.28.v20190418\jetty-util-9.2.28.v20190418.jar;C:\Users\jesse\.m2\repository\org\eclipse\jetty\jetty-io\9.2.28.v20190418\jetty-io-9.2.28.v20190418.jar;C:\Users\jesse\.m2\repository\org\eclipse\jetty\jetty-servlet\9.2.28.v20190418\jetty-servlet-9.2.28.v20190418.jar;C:\Users\jesse\.m2\repository\org\eclipse\jetty\jetty-security\9.2.28.v20190418\jetty-security-9.2.28.v20190418.jar;C:\Users\jesse\.m2\repository\org\eclipse\jetty\websocket\javax-websocket-server-impl\9.4.15.v20190215\javax-websocket-server-impl-9.4.15.v20190215.jar;C:\Users\jesse\.m2\repository\org\eclipse\jetty\jetty-annotations\9.4.15.v20190215\jetty-annotations-9.4.15.v20190215.jar;C:\Users\jesse\.m2\repository\org\eclipse\jetty\jetty-plus\9.4.15.v20190215\jetty-plus-9.4.15.v20190215.jar;C:\Users\jesse\.m2\repository\org\eclipse\jetty\jetty-jndi\9.4.15.v20190215\jetty-jndi-9.4.15.v20190215.jar;C:\Users\jesse\.m2\repository\org\eclipse\jetty\jetty-webapp\9.4.15.v20190215\jetty-webapp-9.4.15.v20190215.jar;C:\Users\jesse\.m2\repository\org\eclipse\jetty\jetty-xml\9.4.15.v20190215\jetty-xml-9.4.15.v20190215.jar;C:\Users\jesse\.m2\repository\javax\annotation\javax.annotation-api\1.3\javax.annotation-api-1.3.jar;C:\Users\jesse\.m2\repository\org\ow2\asm\asm\7.0\asm-7.0.jar;C:\Users\jesse\.m2\repository\org\ow2\asm\asm-commons\7.0\asm-commons-7.0.jar;C:\Users\jesse\.m2\repository\org\ow2\asm\asm-tree\7.0\asm-tree-7.0.jar;C:\Users\jesse\.m2\repository\org\ow2\asm\asm-analysis\7.0\asm-analysis-7.0.jar;C:\Users\jesse\.m2\repository\org\eclipse\jetty\websocket\javax-websocket-client-impl\9.4.15.v20190215\javax-websocket-client-impl-9.4.15.v20190215.jar;C:\Users\jesse\.m2\repository\org\eclipse\jetty\websocket\websocket-client\9.4.15.v20190215\websocket-client-9.4.15.v20190215.jar;C:\Users\jesse\.m2\repository\org\eclipse\jetty\jetty-client\9.4.15.v20190215\jetty-client-9.4.15.v20190215.jar;C:\Users\jesse\.m2\repository\javax\websocket\javax.websocket-client-api\1.0\javax.websocket-client-api-1.0.jar;C:\Users\jesse\.m2\repository\org\eclipse\jetty\websocket\websocket-server\9.4.15.v20190215\websocket-server-9.4.15.v20190215.jar;C:\Users\jesse\.m2\repository\org\eclipse\jetty\websocket\websocket-common\9.4.15.v20190215\websocket-common-9.4.15.v20190215.jar;C:\Users\jesse\.m2\repository\org\eclipse\jetty\websocket\websocket-api\9.4.15.v20190215\websocket-api-9.4.15.v20190215.jar;C:\Users\jesse\.m2\repository\org\eclipse\jetty\websocket\websocket-servlet\9.4.15.v20190215\websocket-servlet-9.4.15.v20190215.jar;C:\Users\jesse\.m2\repository\javax\websocket\javax.websocket-api\1.0\javax.websocket-api-1.0.jar;C:\Users\jesse\.m2\repository\junit\junit\4.13.1\junit-4.13.1.jar;C:\Users\jesse\.m2\repository\org\hamcrest\hamcrest-core\1.3\hamcrest-core-1.3.jar;C:\Users\jesse\.m2\repository\org\springframework\boot\spring-boot-autoconfigure\2.2.4.RELEASE\spring-boot-autoconfigure-2.2.4.RELEASE.jar;C:\Users\jesse\.m2\repository\org\springframework\boot\spring-boot\2.2.4.RELEASE\spring-boot-2.2.4.RELEASE.jar;"/>
    <property name="sun.cpu.endian" value="little"/>
    <property name="user.home" value="C:\Users\jesse"/>
    <property name="user.language" value="en"/>
    <property name="java.specification.vendor" value="Oracle Corporation"/>
    <property name="java.version.date" value="2020-11-04"/>
    <property name="java.home" value="C:\Program Files\JetBrains\IntelliJ IDEA 2019.3.2\jbr"/>
    <property name="file.separator" value="\"/>
    <property name="basedir" value="C:\Users\jesse\IdeaProjects\ChessOn\ChessOnServer"/>
    <property name="java.vm.compressedOopsMode" value="Zero based"/>
    <property name="line.separator" value="&#10;"/>
    <property name="java.specification.name" value="Java Platform API Specification"/>
    <property name="java.vm.specification.vendor" value="Oracle Corporation"/>
    <property name="java.awt.graphicsenv" value="sun.awt.Win32GraphicsEnvironment"/>
    <property name="surefire.real.class.path" value="C:\Users\jesse\AppData\Local\Temp\surefire1677471092676003890\surefirebooter17643133996119164466.jar"/>
    <property name="user.script" value=""/>
    <property name="sun.management.compiler" value="HotSpot 64-Bit Tiered Compilers"/>
    <property name="java.runtime.version" value="11.0.9.1+11-b1145.63"/>
    <property name="user.name" value="jesse"/>
    <property name="path.separator" value=";"/>
    <property name="os.version" value="10.0"/>
    <property name="java.runtime.name" value="OpenJDK Runtime Environment"/>
    <property name="file.encoding" value="Cp1252"/>
    <property name="java.vm.name" value="OpenJDK 64-Bit Server VM"/>
    <property name="java.vendor.version" value="JBR-11.0.9.1.11-1145.63-jcef"/>
    <property name="localRepository" value="C:\Users\jesse\.m2\repository"/>
    <property name="java.vendor.url.bug" value="https://bugreport.java.com/bugreport/"/>
    <property name="java.io.tmpdir" value="C:\Users\jesse\AppData\Local\Temp\"/>
    <property name="idea.version" value="2020.3.1"/>
    <property name="java.version" value="11.0.9.1"/>
    <property name="user.dir" value="C:\Users\jesse\IdeaProjects\ChessOn\ChessOnServer"/>
    <property name="os.arch" value="amd64"/>
    <property name="java.vm.specification.name" value="Java Virtual Machine Specification"/>
    <property name="java.awt.printerjob" value="sun.awt.windows.WPrinterJob"/>
    <property name="sun.os.patch.level" value=""/>
    <property name="java.library.path" value="C:\Program Files\JetBrains\IntelliJ IDEA 2019.3.2\jbr\bin;C:\WINDOWS\Sun\Java\bin;C:\WINDOWS\system32;C:\WINDOWS;C:\Program Files\Java\jdk-11.0.9\bin;C:\Program Files\Common Files\Oracle\Java\javapath;C:\Program Files (x86)\Common Files\Oracle\Java\javapath;C:\Program Files (x86)\Intel\Intel(R) Management Engine Components\iCLS\;C:\Program Files\Intel\Intel(R) Management Engine Components\iCLS\;C:\windows\system32;C:\windows;C:\windows\System32\Wbem;C:\windows\System32\WindowsPowerShell\v1.0\;C:\Program Files (x86)\Intel\Intel(R) Management Engine Components\DAL;C:\Program Files\Intel\Intel(R) Management Engine Components\DAL;C:\Program Files (x86)\Intel\Intel(R) Management Engine Components\IPT;C:\Program Files\Intel\Intel(R) Management Engine Components\IPT;C:\Program Files\Microsoft SQL Server\130\Tools\Binn\;C:\Program Files\Intel\WiFi\bin\;C:\Program Files\Common Files\Intel\WirelessCommon\;C:Python37;C:\WINDOWS\system32;C:\WINDOWS;C:\WINDOWS\System32\Wbem;C:\WINDOWS\System32\WindowsPowerShell\v1.0\;C:\WINDOWS\System32\OpenSSH\;C:\Go\bin;C:\Program Files\dotnet\;C:\Program Files\nodejs\;C:\Program Files\NVIDIA Corporation\NVIDIA NvDLISR;C:\Program Files (x86)\NVIDIA Corporation\PhysX\Common;C:\Program Files\PuTTY\;C:\Program Files\Microsoft SQL Server\Client SDK\ODBC\170\Tools\Binn\;C:\Program Files (x86)\Microsoft SQL Server\150\DTS\Binn\;C:\Program Files\Git\cmd;C:\Program Files\Java\jdk-11.0.9\bin;C:\Users\jesse\AppData\Local\Programs\Python\Python37\Scripts\;C:\Users\jesse\AppData\Local\Programs\Python\Python37\;C:\Users\jesse\AppData\Local\Microsoft\WindowsApps;C:\Program Files\Intel\WiFi\bin\;C:\Program Files\Common Files\Intel\WirelessCommon\;C:\Users\jesse\Python 3.7;C:\Users\jesse\go\bin;C:\Users\jesse\AppData\Local\GitHubDesktop\bin;C:\Users\jesse\AppData\Local\Microsoft\WindowsApps;C:\Users\jesse\AppData\Local\atom\bin;C:\Users\jesse\AppData\Roaming\npm;C:\Users\jesse\AppData\Local\Programs\Microsoft VS Code\bin;C:\Users\jesse\.dotnet\tools;C:\Users\jesse\.dotnet\tools;C:\Maven\apache-maven-3.6.3\bin;;."/>
    <property name="java.vm.info" value="mixed mode"/>
    <property name="java.vendor" value="JetBrains s.r.o."/>
    <property name="java.vm.version" value="11.0.9.1+11-b1145.63"/>
    <property name="sun.io.unicode.encoding" value="UnicodeLittle"/>
    <property name="java.class.version" value="55.0"/>
  </properties>
  <testcase name="test1" classname="PieceTests.PieceLogicTests" time="0"/>
</testsuite>